<?xml version="1.0" encoding="UTF-8"?>
<!-- Generated by org.testng.reporters.JUnitReportReporter -->
<testsuite hostname="LAPTOP-ER80APV2" failures="0" tests="1" name="AmezonTestCases.AmezonLoginTest" time="4.207" errors="0" timestamp="2022-08-23T17:04:47 IST" skipped="0">
  <testcase classname="AmezonTestCases.AmezonLoginTest" name="validateloginpage" time="4.207"/>
  <system-out/>
</testsuite> <!-- AmezonTestCases.AmezonLoginTest -->
